CRITICAL - 2026-05-07 18:39:15 --> Undefined array key "stock_minimo"
in APPPATH\Views\productos\editar.php on line 38.
 1 APPPATH\Views\productos\editar.php(38): CodeIgniter\Debug\Exceptions->errorHandler(2, 'Undefined array key "stock_minimo"', 'APPPATH\\Views\\productos\\editar.php', 38)
 2 SYSTEMPATH\View\View.php(213): include('APPPATH\\Views\\productos\\editar.php')
 3 SYSTEMPATH\View\View.php(216): CodeIgniter\View\View->CodeIgniter\View\{closure}()
 4 SYSTEMPATH\Common.php(1134): CodeIgniter\View\View->render('productos/editar', [], true)
 5 APPPATH\Controllers\Home.php(78): view('productos/editar', [...])
 6 SYSTEMPATH\CodeIgniter.php(927): App\Controllers\Home->editar('1')
 7 SYSTEMPATH\CodeIgniter.php(482): CodeIgniter\CodeIgniter->runController(Object(App\Controllers\Home))
 8 SYSTEMPATH\CodeIgniter.php(351): CodeIgniter\CodeIgniter->handleRequest(null, Object(Config\Cache), false)
 9 FCPATH\index.php(67): CodeIgniter\CodeIgniter->run()
ERROR - 2026-05-07 18:44:12 --> mysqli_sql_exception: Unknown column 'unidad_medida' in 'field list' in C:\xampp\htdocs\webII\ci42\system\Database\MySQLi\Connection.php:292
Stack trace:
#0 C:\xampp\htdocs\webII\ci42\system\Database\MySQLi\Connection.php(292): mysqli->query('INSERT INTO `pr...', 0)
#1 C:\xampp\htdocs\webII\ci42\system\Database\BaseConnection.php(666): CodeIgniter\Database\MySQLi\Connection->execute('INSERT INTO `pr...')
#2 C:\xampp\htdocs\webII\ci42\system\Database\BaseConnection.php(593): CodeIgniter\Database\BaseConnection->simpleQuery('INSERT INTO `pr...')
#3 C:\xampp\htdocs\webII\ci42\system\Database\BaseBuilder.php(1916): CodeIgniter\Database\BaseConnection->query('INSERT INTO `pr...', Array, false)
#4 C:\xampp\htdocs\webII\ci42\system\Model.php(279): CodeIgniter\Database\BaseBuilder->insert()
#5 C:\xampp\htdocs\webII\ci42\system\BaseModel.php(749): CodeIgniter\Model->doInsert(Array)
#6 C:\xampp\htdocs\webII\ci42\system\Model.php(667): CodeIgniter\BaseModel->insert(Array, false)
#7 C:\xampp\htdocs\webII\ci42\system\BaseModel.php(659): CodeIgniter\Model->insert(Array, false)
#8 C:\xampp\htdocs\webII\ci42\app\Controllers\Home.php(52): CodeIgniter\BaseModel->save(Array)
#9 C:\xampp\htdocs\webII\ci42\system\CodeIgniter.php(927): App\Controllers\Home->store()
#10 C:\xampp\htdocs\webII\ci42\system\CodeIgniter.php(482): CodeIgniter\CodeIgniter->runController(Object(App\Controllers\Home))
#11 C:\xampp\htdocs\webII\ci42\system\CodeIgniter.php(351): CodeIgniter\CodeIgniter->handleRequest(NULL, Object(Config\Cache), false)
#12 C:\xampp\htdocs\webII\ci42\public\index.php(67): CodeIgniter\CodeIgniter->run()
#13 {main}
ERROR - 2026-05-07 18:44:37 --> mysqli_sql_exception: Unknown column 'unidad_medida' in 'field list' in C:\xampp\htdocs\webII\ci42\system\Database\MySQLi\Connection.php:292
Stack trace:
#0 C:\xampp\htdocs\webII\ci42\system\Database\MySQLi\Connection.php(292): mysqli->query('INSERT INTO `pr...', 0)
#1 C:\xampp\htdocs\webII\ci42\system\Database\BaseConnection.php(666): CodeIgniter\Database\MySQLi\Connection->execute('INSERT INTO `pr...')
#2 C:\xampp\htdocs\webII\ci42\system\Database\BaseConnection.php(593): CodeIgniter\Database\BaseConnection->simpleQuery('INSERT INTO `pr...')
#3 C:\xampp\htdocs\webII\ci42\system\Database\BaseBuilder.php(1916): CodeIgniter\Database\BaseConnection->query('INSERT INTO `pr...', Array, false)
#4 C:\xampp\htdocs\webII\ci42\system\Model.php(279): CodeIgniter\Database\BaseBuilder->insert()
#5 C:\xampp\htdocs\webII\ci42\system\BaseModel.php(749): CodeIgniter\Model->doInsert(Array)
#6 C:\xampp\htdocs\webII\ci42\system\Model.php(667): CodeIgniter\BaseModel->insert(Array, false)
#7 C:\xampp\htdocs\webII\ci42\system\BaseModel.php(659): CodeIgniter\Model->insert(Array, false)
#8 C:\xampp\htdocs\webII\ci42\app\Controllers\Home.php(52): CodeIgniter\BaseModel->save(Array)
#9 C:\xampp\htdocs\webII\ci42\system\CodeIgniter.php(927): App\Controllers\Home->store()
#10 C:\xampp\htdocs\webII\ci42\system\CodeIgniter.php(482): CodeIgniter\CodeIgniter->runController(Object(App\Controllers\Home))
#11 C:\xampp\htdocs\webII\ci42\system\CodeIgniter.php(351): CodeIgniter\CodeIgniter->handleRequest(NULL, Object(Config\Cache), false)
#12 C:\xampp\htdocs\webII\ci42\public\index.php(67): CodeIgniter\CodeIgniter->run()
#13 {main}
CRITICAL - 2026-05-07 18:46:18 --> Undefined array key "stock_minimo"
in APPPATH\Views\productos\editar.php on line 38.
 1 APPPATH\Views\productos\editar.php(38): CodeIgniter\Debug\Exceptions->errorHandler(2, 'Undefined array key "stock_minimo"', 'APPPATH\\Views\\productos\\editar.php', 38)
 2 SYSTEMPATH\View\View.php(213): include('APPPATH\\Views\\productos\\editar.php')
 3 SYSTEMPATH\View\View.php(216): CodeIgniter\View\View->CodeIgniter\View\{closure}()
 4 SYSTEMPATH\Common.php(1134): CodeIgniter\View\View->render('productos/editar', [], true)
 5 APPPATH\Controllers\Home.php(75): view('productos/editar', [...])
 6 SYSTEMPATH\CodeIgniter.php(927): App\Controllers\Home->editar('1')
 7 SYSTEMPATH\CodeIgniter.php(482): CodeIgniter\CodeIgniter->runController(Object(App\Controllers\Home))
 8 SYSTEMPATH\CodeIgniter.php(351): CodeIgniter\CodeIgniter->handleRequest(null, Object(Config\Cache), false)
 9 FCPATH\index.php(67): CodeIgniter\CodeIgniter->run()
CRITICAL - 2026-05-07 18:47:49 --> Undefined array key "stock_minimo"
in APPPATH\Views\productos\editar.php on line 38.
 1 APPPATH\Views\productos\editar.php(38): CodeIgniter\Debug\Exceptions->errorHandler(2, 'Undefined array key "stock_minimo"', 'APPPATH\\Views\\productos\\editar.php', 38)
 2 SYSTEMPATH\View\View.php(213): include('APPPATH\\Views\\productos\\editar.php')
 3 SYSTEMPATH\View\View.php(216): CodeIgniter\View\View->CodeIgniter\View\{closure}()
 4 SYSTEMPATH\Common.php(1134): CodeIgniter\View\View->render('productos/editar', [], true)
 5 APPPATH\Controllers\Home.php(75): view('productos/editar', [...])
 6 SYSTEMPATH\CodeIgniter.php(927): App\Controllers\Home->editar('1')
 7 SYSTEMPATH\CodeIgniter.php(482): CodeIgniter\CodeIgniter->runController(Object(App\Controllers\Home))
 8 SYSTEMPATH\CodeIgniter.php(351): CodeIgniter\CodeIgniter->handleRequest(null, Object(Config\Cache), false)
 9 FCPATH\index.php(67): CodeIgniter\CodeIgniter->run()
CRITICAL - 2026-05-07 18:47:56 --> Undefined array key "stock_minimo"
in APPPATH\Views\productos\editar.php on line 38.
 1 APPPATH\Views\productos\editar.php(38): CodeIgniter\Debug\Exceptions->errorHandler(2, 'Undefined array key "stock_minimo"', 'APPPATH\\Views\\productos\\editar.php', 38)
 2 SYSTEMPATH\View\View.php(213): include('APPPATH\\Views\\productos\\editar.php')
 3 SYSTEMPATH\View\View.php(216): CodeIgniter\View\View->CodeIgniter\View\{closure}()
 4 SYSTEMPATH\Common.php(1134): CodeIgniter\View\View->render('productos/editar', [], true)
 5 APPPATH\Controllers\Home.php(75): view('productos/editar', [...])
 6 SYSTEMPATH\CodeIgniter.php(927): App\Controllers\Home->editar('1')
 7 SYSTEMPATH\CodeIgniter.php(482): CodeIgniter\CodeIgniter->runController(Object(App\Controllers\Home))
 8 SYSTEMPATH\CodeIgniter.php(351): CodeIgniter\CodeIgniter->handleRequest(null, Object(Config\Cache), false)
 9 FCPATH\index.php(67): CodeIgniter\CodeIgniter->run()
